2019/12/17 9:12:51 にビルドを開始しました。
     1>ノード 2 上のプロジェクト "C:\Users\Game\Desktop\2019\Git\2018OgawaRep\せーさくこうき\GameProgramming\GameProgramming.vcxproj" (Build ターゲット)。
     1>ClCompile:
         C:\Program Files (x86)\Microsoft Visual Studio 12.0\VC\bin\CL.exe /c /ZI /nologo /W3 /WX- /Od /Oy- /D WIN32 /D _DEBUG /D _CONSOLE /D _LIB /D _MBCS /Gm /EHsc /RTC1 /MDd /GS /fp:precise /Zc:wchar_t /Zc:forScope /Fo"Debug\\" /Fd"Debug\vc120.pdb" /Gd /TP /analyze- /errorReport:prompt C3DBox.cpp CCollider.cpp CGoal.cpp CHammer.cpp CHappy.cpp CInput.cpp CKey.cpp CMain.cpp CMatirx33.cpp CMatrix44.cpp CMove.cpp CPass.cpp CPlayer.cpp CRectangle.cpp CScene.cpp CTask.cpp CText.cpp CTexture.cpp CTrampoline.cpp CVector2.cpp CWind.cpp main.cpp
         main.cpp
         CWind.cpp
     1>c:\users\game\desktop\2019\git\2018ogawarep\せーさくこうき\gameprogramming\cvector3.h(52): warning C4244: '=' : 'double' から 'float' への変換です。データが失われる可能性があります。
     1>c:\users\game\desktop\2019\git\2018ogawarep\せーさくこうき\gameprogramming\cvector3.h(55): warning C4244: '=' : 'double' から 'float' への変換です。データが失われる可能性があります。
         CVector2.cpp
         CTrampoline.cpp
     1>c:\users\game\desktop\2019\git\2018ogawarep\せーさくこうき\gameprogramming\cvector3.h(52): warning C4244: '=' : 'double' から 'float' への変換です。データが失われる可能性があります。
     1>c:\users\game\desktop\2019\git\2018ogawarep\せーさくこうき\gameprogramming\cvector3.h(55): warning C4244: '=' : 'double' から 'float' への変換です。データが失われる可能性があります。
         CTexture.cpp
     1>c:\users\game\desktop\2019\git\2018ogawarep\せーさくこうき\gameprogramming\ctexture.cpp(10): warning C4996: 'fopen': This function or variable may be unsafe. Consider using fopen_s instead. To disable deprecation, use _CRT_SECURE_NO_WARNINGS. See online help for details.
                 c:\program files (x86)\microsoft visual studio 12.0\vc\include\stdio.h(211) : 'fopen' の宣言を確認してください。
         CText.cpp
         CTask.cpp
     1>c:\users\game\desktop\2019\git\2018ogawarep\せーさくこうき\gameprogramming\cvector3.h(52): warning C4244: '=' : 'double' から 'float' への変換です。データが失われる可能性があります。
     1>c:\users\game\desktop\2019\git\2018ogawarep\せーさくこうき\gameprogramming\cvector3.h(55): warning C4244: '=' : 'double' から 'float' への変換です。データが失われる可能性があります。
         CScene.cpp
     1>c:\users\game\desktop\2019\git\2018ogawarep\せーさくこうき\gameprogramming\cscene.cpp(129): warning C4996: 'sprintf': This function or variable may be unsafe. Consider using sprintf_s instead. To disable deprecation, use _CRT_SECURE_NO_WARNINGS. See online help for details.
                 c:\program files (x86)\microsoft visual studio 12.0\vc\include\stdio.h(356) : 'sprintf' の宣言を確認してください。
     1>c:\users\game\desktop\2019\git\2018ogawarep\せーさくこうき\gameprogramming\cscene.cpp(134): warning C4996: 'sprintf': This function or variable may be unsafe. Consider using sprintf_s instead. To disable deprecation, use _CRT_SECURE_NO_WARNINGS. See online help for details.
                 c:\program files (x86)\microsoft visual studio 12.0\vc\include\stdio.h(356) : 'sprintf' の宣言を確認してください。
         CRectangle.cpp
     1>c:\users\game\desktop\2019\git\2018ogawarep\せーさくこうき\gameprogramming\cvector3.h(52): warning C4244: '=' : 'double' から 'float' への変換です。データが失われる可能性があります。
     1>c:\users\game\desktop\2019\git\2018ogawarep\せーさくこうき\gameprogramming\cvector3.h(55): warning C4244: '=' : 'double' から 'float' への変換です。データが失われる可能性があります。
         CPlayer.cpp
     1>c:\users\game\desktop\2019\git\2018ogawarep\せーさくこうき\gameprogramming\cvector3.h(52): warning C4244: '=' : 'double' から 'float' への変換です。データが失われる可能性があります。
     1>c:\users\game\desktop\2019\git\2018ogawarep\せーさくこうき\gameprogramming\cvector3.h(55): warning C4244: '=' : 'double' から 'float' への変換です。データが失われる可能性があります。
     1>c:\users\game\desktop\2019\git\2018ogawarep\せーさくこうき\gameprogramming\cplayer.cpp(157): error C2661: 'C3DCollider::Collision' : 5 個の引数を伴うオーバーロードされた関数はありません。
         CPass.cpp
     1>c:\users\game\desktop\2019\git\2018ogawarep\せーさくこうき\gameprogramming\cvector3.h(52): warning C4244: '=' : 'double' から 'float' への変換です。データが失われる可能性があります。
     1>c:\users\game\desktop\2019\git\2018ogawarep\せーさくこうき\gameprogramming\cvector3.h(55): warning C4244: '=' : 'double' から 'float' への変換です。データが失われる可能性があります。
         CMove.cpp
     1>c:\users\game\desktop\2019\git\2018ogawarep\せーさくこうき\gameprogramming\cvector3.h(52): warning C4244: '=' : 'double' から 'float' への変換です。データが失われる可能性があります。
     1>c:\users\game\desktop\2019\git\2018ogawarep\せーさくこうき\gameprogramming\cvector3.h(55): warning C4244: '=' : 'double' から 'float' への変換です。データが失われる可能性があります。
         CMatrix44.cpp
     1>c:\users\game\desktop\2019\git\2018ogawarep\せーさくこうき\gameprogramming\cvector3.h(52): warning C4244: '=' : 'double' から 'float' への変換です。データが失われる可能性があります。
     1>c:\users\game\desktop\2019\git\2018ogawarep\せーさくこうき\gameprogramming\cvector3.h(55): warning C4244: '=' : 'double' から 'float' への変換です。データが失われる可能性があります。
     1>c:\users\game\desktop\2019\git\2018ogawarep\せーさくこうき\gameprogramming\cmatrix44.cpp(32): warning C4244: '初期化中' : 'double' から 'float' への変換です。データが失われる可能性があります。
     1>c:\users\game\desktop\2019\git\2018ogawarep\せーさくこうき\gameprogramming\cmatrix44.cpp(48): warning C4244: '初期化中' : 'double' から 'float' への変換です。データが失われる可能性があります。
         CMatirx33.cpp
     1>c:\users\game\desktop\2019\git\2018ogawarep\せーさくこうき\gameprogramming\cmatirx33.cpp(36): warning C4244: '初期化中' : 'double' から 'float' への変換です。データが失われる可能性があります。
         CMain.cpp
         CKey.cpp
         CInput.cpp
     1>c:\users\game\desktop\2019\git\2018ogawarep\せーさくこうき\gameprogramming\cinput.cpp(20): warning C4244: '=' : 'double' から 'float' への変換です。データが失われる可能性があります。
     1>c:\users\game\desktop\2019\git\2018ogawarep\せーさくこうき\gameprogramming\cinput.cpp(21): warning C4244: '=' : 'double' から 'float' への変換です。データが失われる可能性があります。
         CHappy.cpp
     1>c:\users\game\desktop\2019\git\2018ogawarep\せーさくこうき\gameprogramming\cvector3.h(52): warning C4244: '=' : 'double' から 'float' への変換です。データが失われる可能性があります。
     1>c:\users\game\desktop\2019\git\2018ogawarep\せーさくこうき\gameprogramming\cvector3.h(55): warning C4244: '=' : 'double' から 'float' への変換です。データが失われる可能性があります。
         CHammer.cpp
     1>c:\users\game\desktop\2019\git\2018ogawarep\せーさくこうき\gameprogramming\cvector3.h(52): warning C4244: '=' : 'double' から 'float' への変換です。データが失われる可能性があります。
     1>c:\users\game\desktop\2019\git\2018ogawarep\せーさくこうき\gameprogramming\cvector3.h(55): warning C4244: '=' : 'double' から 'float' への変換です。データが失われる可能性があります。
         CGoal.cpp
     1>c:\users\game\desktop\2019\git\2018ogawarep\せーさくこうき\gameprogramming\cvector3.h(52): warning C4244: '=' : 'double' から 'float' への変換です。データが失われる可能性があります。
     1>c:\users\game\desktop\2019\git\2018ogawarep\せーさくこうき\gameprogramming\cvector3.h(55): warning C4244: '=' : 'double' から 'float' への変換です。データが失われる可能性があります。
         コードを生成中...
         コンパイル中...
         CCollider.cpp
     1>c:\users\game\desktop\2019\git\2018ogawarep\せーさくこうき\gameprogramming\cvector3.h(52): warning C4244: '=' : 'double' から 'float' への変換です。データが失われる可能性があります。
     1>c:\users\game\desktop\2019\git\2018ogawarep\せーさくこうき\gameprogramming\cvector3.h(55): warning C4244: '=' : 'double' から 'float' への変換です。データが失われる可能性があります。
     1>c:\users\game\desktop\2019\git\2018ogawarep\せーさくこうき\gameprogramming\ccollider.cpp(76): error C2511: 'bool CSphereCollider::Collision(CSphereCollider *)' : オーバーロードされたメンバー関数が 'CSphereCollider' にありません。
                 c:\users\game\desktop\2019\git\2018ogawarep\せーさくこうき\gameprogramming\ccollider.h(89) : 'CSphereCollider' の宣言を確認してください。
     1>c:\users\game\desktop\2019\git\2018ogawarep\せーさくこうき\gameprogramming\ccollider.cpp(78): error C2597: 静的でないメンバー 'C3DCollider::mpMatrix' への参照が正しくありません。
     1>c:\users\game\desktop\2019\git\2018ogawarep\せーさくこうき\gameprogramming\ccollider.cpp(85): error C2597: 静的でないメンバー 'CSphereCollider::mRadius' への参照が正しくありません。
     1>c:\users\game\desktop\2019\git\2018ogawarep\せーさくこうき\gameprogramming\ccollider.cpp(85): error C3867: 'CSphereCollider::mRadius': 関数呼び出しには引数リストがありません。メンバーへのポインターを作成するために '&CSphereCollider::mRadius' を使用してください
     1>c:\users\game\desktop\2019\git\2018ogawarep\せーさくこうき\gameprogramming\ccollider.cpp(87): error C2597: 静的でないメンバー 'CSphereCollider::mRadius' への参照が正しくありません。
     1>c:\users\game\desktop\2019\git\2018ogawarep\せーさくこうき\gameprogramming\ccollider.cpp(87): error C3867: 'CSphereCollider::mRadius': 関数呼び出しには引数リストがありません。メンバーへのポインターを作成するために '&CSphereCollider::mRadius' を使用してください
     1>c:\users\game\desktop\2019\git\2018ogawarep\せーさくこうき\gameprogramming\ccollider.cpp(87): error C2597: 静的でないメンバー 'C3DCollider::mAdjust' への参照が正しくありません。
     1>c:\users\game\desktop\2019\git\2018ogawarep\せーさくこうき\gameprogramming\ccollider.cpp(88): error C2597: 静的でないメンバー 'C3DCollider::mAdjust' への参照が正しくありません。
     1>c:\users\game\desktop\2019\git\2018ogawarep\せーさくこうき\gameprogramming\ccollider.cpp(88): error C3867: 'C3DCollider::mAdjust': 関数呼び出しには引数リストがありません。メンバーへのポインターを作成するために '&C3DCollider::mAdjust' を使用してください
     1>c:\users\game\desktop\2019\git\2018ogawarep\せーさくこうき\gameprogramming\ccollider.cpp(88): error C2679: 二項演算子 '=' : 型 'int' の右オペランドを扱う演算子が見つかりません (または変換できません)。
                 c:\users\game\desktop\2019\git\2018ogawarep\せーさくこうき\gameprogramming\cvector3.h(65): 'CVector3 &CVector3::operator =(const CVector3 &)' の可能性があります。
                 引数リスト '(CVector3, int)' を一致させようとしているとき
     1>c:\users\game\desktop\2019\git\2018ogawarep\せーさくこうき\gameprogramming\ccollider.cpp(93): error C2597: 静的でないメンバー 'C3DCollider::mAdjust' への参照が正しくありません。
     1>c:\users\game\desktop\2019\git\2018ogawarep\せーさくこうき\gameprogramming\ccollider.cpp(98): error C2511: 'bool C3DBoxCollider::Collision(CSphereCollider *)' : オーバーロードされたメンバー関数が 'C3DBoxCollider' にありません。
                 c:\users\game\desktop\2019\git\2018ogawarep\せーさくこうき\gameprogramming\ccollider.h(104) : 'C3DBoxCollider' の宣言を確認してください。
     1>c:\users\game\desktop\2019\git\2018ogawarep\せーさくこうき\gameprogramming\ccollider.cpp(100): error C2597: 静的でないメンバー 'C3DCollider::mpMatrix' への参照が正しくありません。
     1>c:\users\game\desktop\2019\git\2018ogawarep\せーさくこうき\gameprogramming\ccollider.cpp(102): error C2597: 静的でないメンバー 'C3DCollider::mpMatrix' への参照が正しくありません。
     1>c:\users\game\desktop\2019\git\2018ogawarep\せーさくこうき\gameprogramming\ccollider.cpp(102): error C2597: 静的でないメンバー 'C3DCollider::mPosition' への参照が正しくありません。
     1>c:\users\game\desktop\2019\git\2018ogawarep\せーさくこうき\gameprogramming\ccollider.cpp(104): error C2597: 静的でないメンバー 'C3DCollider::mpMatrix' への参照が正しくありません。
     1>c:\users\game\desktop\2019\git\2018ogawarep\せーさくこうき\gameprogramming\ccollider.cpp(104): error C2597: 静的でないメンバー 'C3DCollider::mPosition' への参照が正しくありません。
     1>c:\users\game\desktop\2019\git\2018ogawarep\せーさくこうき\gameprogramming\ccollider.cpp(106): error C2597: 静的でないメンバー 'C3DCollider::mpMatrix' への参照が正しくありません。
     1>c:\users\game\desktop\2019\git\2018ogawarep\せーさくこうき\gameprogramming\ccollider.cpp(106): error C2597: 静的でないメンバー 'C3DCollider::mPosition' への参照が正しくありません。
     1>c:\users\game\desktop\2019\git\2018ogawarep\せーさくこうき\gameprogramming\ccollider.cpp(110): error C2228: '.x' の左側はクラス、構造体、共用体でなければなりません
     1>c:\users\game\desktop\2019\git\2018ogawarep\せーさくこうき\gameprogramming\ccollider.cpp(112): error C2228: '.y' の左側はクラス、構造体、共用体でなければなりません
     1>c:\users\game\desktop\2019\git\2018ogawarep\せーさくこうき\gameprogramming\ccollider.cpp(114): error C2228: '.z' の左側はクラス、構造体、共用体でなければなりません
     1>c:\users\game\desktop\2019\git\2018ogawarep\せーさくこうき\gameprogramming\ccollider.cpp(123): error C2597: 静的でないメンバー 'C3DCollider::mAdjust' への参照が正しくありません。
     1>c:\users\game\desktop\2019\git\2018ogawarep\せーさくこうき\gameprogramming\ccollider.cpp(127): error C2597: 静的でないメンバー 'C3DCollider::mAdjust' への参照が正しくありません。
     1>c:\users\game\desktop\2019\git\2018ogawarep\せーさくこうき\gameprogramming\ccollider.cpp(133): error C2597: 静的でないメンバー 'C3DCollider::mAdjust' への参照が正しくありません。
     1>c:\users\game\desktop\2019\git\2018ogawarep\せーさくこうき\gameprogramming\ccollider.cpp(136): error C2597: 静的でないメンバー 'C3DCollider::mAdjust' への参照が正しくありません。
     1>c:\users\game\desktop\2019\git\2018ogawarep\せーさくこうき\gameprogramming\ccollider.cpp(144): error C2597: 静的でないメンバー 'C3DCollider::mAdjust' への参照が正しくありません。
     1>c:\users\game\desktop\2019\git\2018ogawarep\せーさくこうき\gameprogramming\ccollider.cpp(147): error C2597: 静的でないメンバー 'C3DCollider::mAdjust' への参照が正しくありません。
     1>c:\users\game\desktop\2019\git\2018ogawarep\せーさくこうき\gameprogramming\ccollider.cpp(153): error C2597: 静的でないメンバー 'C3DCollider::mAdjust' への参照が正しくありません。
     1>c:\users\game\desktop\2019\git\2018ogawarep\せーさくこうき\gameprogramming\ccollider.cpp(156): error C2597: 静的でないメンバー 'C3DCollider::mAdjust' への参照が正しくありません。
     1>c:\users\game\desktop\2019\git\2018ogawarep\せーさくこうき\gameprogramming\ccollider.cpp(160): error C2597: 静的でないメンバー 'C3DCollider::mAdjust' への参照が正しくありません。
     1>c:\users\game\desktop\2019\git\2018ogawarep\せーさくこうき\gameprogramming\ccollider.cpp(160): error C3867: 'C3DCollider::mAdjust': 関数呼び出しには引数リストがありません。メンバーへのポインターを作成するために '&C3DCollider::mAdjust' を使用してください
     1>c:\users\game\desktop\2019\git\2018ogawarep\せーさくこうき\gameprogramming\ccollider.cpp(160): error C2679: 二項演算子 '=' : 型 'float' の右オペランドを扱う演算子が見つかりません (または変換できません)。
                 c:\users\game\desktop\2019\git\2018ogawarep\せーさくこうき\gameprogramming\cvector3.h(65): 'CVector3 &CVector3::operator =(const CVector3 &)' の可能性があります。
                 引数リスト '(CVector3, float)' を一致させようとしているとき
     1>c:\users\game\desktop\2019\git\2018ogawarep\せーさくこうき\gameprogramming\ccollider.cpp(186): error C2660: 'C3DBoxCollider::Collision' : 関数に 1 個の引数を指定できません。
     1>c:\users\game\desktop\2019\git\2018ogawarep\せーさくこうき\gameprogramming\ccollider.cpp(193): error C2660: 'CSphereCollider::Collision' : 関数に 1 個の引数を指定できません。
     1>c:\users\game\desktop\2019\git\2018ogawarep\せーさくこうき\gameprogramming\ccollider.cpp(196): error C2660: 'C3DBoxCollider::Collision' : 関数に 1 個の引数を指定できません。
         C3DBox.cpp
         コードを生成中...
     1>プロジェクト "C:\Users\Game\Desktop\2019\Git\2018OgawaRep\せーさくこうき\GameProgramming\GameProgramming.vcxproj" (Build ターゲット) のビルドが終了しました -- 失敗。

ビルドに失敗しました。

経過時間 00:00:07.63
