c:\users\game\desktop\2019\ゲーム制作演習ⅱ\3dgamebaselv1_sample\gameprogramming\debug\vc120.pdb
c:\users\game\desktop\2019\ゲーム制作演習ⅱ\3dgamebaselv1_sample\gameprogramming\debug\vc120.idb
c:\users\game\desktop\2019\ゲーム制作演習ⅱ\3dgamebaselv1_sample\gameprogramming\debug\c3dbox.obj
c:\users\game\desktop\2019\ゲーム制作演習ⅱ\3dgamebaselv1_sample\gameprogramming\debug\ccollider.obj
c:\users\game\desktop\2019\ゲーム制作演習ⅱ\3dgamebaselv1_sample\gameprogramming\debug\ckey.obj
c:\users\game\desktop\2019\ゲーム制作演習ⅱ\3dgamebaselv1_sample\gameprogramming\debug\cmain.obj
c:\users\game\desktop\2019\ゲーム制作演習ⅱ\3dgamebaselv1_sample\gameprogramming\debug\cmatirx33.obj
c:\users\game\desktop\2019\ゲーム制作演習ⅱ\3dgamebaselv1_sample\gameprogramming\debug\cmatrix44.obj
c:\users\game\desktop\2019\ゲーム制作演習ⅱ\3dgamebaselv1_sample\gameprogramming\debug\cplayer.obj
c:\users\game\desktop\2019\ゲーム制作演習ⅱ\3dgamebaselv1_sample\gameprogramming\debug\ctask.obj
c:\users\game\desktop\2019\ゲーム制作演習ⅱ\3dgamebaselv1_sample\gameprogramming\debug\ctext.obj
c:\users\game\desktop\2019\ゲーム制作演習ⅱ\3dgamebaselv1_sample\gameprogramming\debug\ctexture.obj
c:\users\game\desktop\2019\ゲーム制作演習ⅱ\3dgamebaselv1_sample\gameprogramming\debug\cvector2.obj
c:\users\game\desktop\2019\ゲーム制作演習ⅱ\3dgamebaselv1_sample\gameprogramming\debug\main.obj
c:\users\game\desktop\2019\ゲーム制作演習ⅱ\3dgamebaselv1_sample\gameprogramming\debug\cscene.obj
c:\users\game\desktop\2019\ゲーム制作演習ⅱ\3dgamebaselv1_sample\debug\gameprogramming.ilk
c:\users\game\desktop\2019\ゲーム制作演習ⅱ\3dgamebaselv1_sample\debug\gameprogramming.exe
c:\users\game\desktop\2019\ゲーム制作演習ⅱ\3dgamebaselv1_sample\debug\gameprogramming.pdb
c:\users\game\desktop\2019\ゲーム制作演習ⅱ\3dgamebaselv1_sample\gameprogramming\debug\gameprogramming.tlog\cl.command.1.tlog
c:\users\game\desktop\2019\ゲーム制作演習ⅱ\3dgamebaselv1_sample\gameprogramming\debug\gameprogramming.tlog\cl.read.1.tlog
c:\users\game\desktop\2019\ゲーム制作演習ⅱ\3dgamebaselv1_sample\gameprogramming\debug\gameprogramming.tlog\cl.write.1.tlog
c:\users\game\desktop\2019\ゲーム制作演習ⅱ\3dgamebaselv1_sample\gameprogramming\debug\gameprogramming.tlog\link.command.1.tlog
c:\users\game\desktop\2019\ゲーム制作演習ⅱ\3dgamebaselv1_sample\gameprogramming\debug\gameprogramming.tlog\link.read.1.tlog
c:\users\game\desktop\2019\ゲーム制作演習ⅱ\3dgamebaselv1_sample\gameprogramming\debug\gameprogramming.tlog\link.write.1.tlog
