2019/12/20 15:29:34 にビルドを開始しました。
     1>ノード 2 上のプロジェクト "C:\Users\Ogawa\Desktop\新しいフォルダー\2018OgawaRep\せーさくこうき\GameProgramming\GameProgramming.vcxproj" (Build ターゲット)。
     1>ClCompile:
         C:\Program Files (x86)\Microsoft Visual Studio 12.0\VC\bin\CL.exe /c /ZI /nologo /W3 /WX- /Od /Oy- /D WIN32 /D _DEBUG /D _CONSOLE /D _LIB /D _MBCS /Gm /EHsc /RTC1 /MDd /GS /fp:precise /Zc:wchar_t /Zc:forScope /Fo"Debug\\" /Fd"Debug\vc120.pdb" /Gd /TP /analyze- /errorReport:prompt C3DBox.cpp CCollider.cpp CGoal.cpp CHammer.cpp CHappy.cpp CMove.cpp CPass.cpp CPlayer.cpp CRectangle.cpp CScene.cpp CTrampoline.cpp CWind.cpp
         CWind.cpp
     1>c:\users\ogawa\desktop\新しいフォルダー\2018ogawarep\せーさくこうき\gameprogramming\c3dtriangle.h(17): error C2679: 二項演算子 '*' : 型 'CVector3' の右オペランドを扱う演算子が見つかりません (または変換できません)。
                 c:\users\ogawa\desktop\新しいフォルダー\2018ogawarep\せーさくこうき\gameprogramming\cmatrix44.h(89): 'const CMatrix44 CMatrix44::operator *(float) const' の可能性があります。
                 c:\users\ogawa\desktop\新しいフォルダー\2018ogawarep\せーさくこうき\gameprogramming\cmatrix44.h(84): または 'const CMatrix44 CMatrix44::operator *(const CMatrix44 &) const'
                 引数リスト '(CMatrix44, CVector3)' を一致させようとしているとき
     1>c:\users\ogawa\desktop\新しいフォルダー\2018ogawarep\せーさくこうき\gameprogramming\c3dtriangle.h(18): error C2679: 二項演算子 '*' : 型 'CVector3' の右オペランドを扱う演算子が見つかりません (または変換できません)。
                 c:\users\ogawa\desktop\新しいフォルダー\2018ogawarep\せーさくこうき\gameprogramming\cmatrix44.h(89): 'const CMatrix44 CMatrix44::operator *(float) const' の可能性があります。
                 c:\users\ogawa\desktop\新しいフォルダー\2018ogawarep\せーさくこうき\gameprogramming\cmatrix44.h(84): または 'const CMatrix44 CMatrix44::operator *(const CMatrix44 &) const'
                 引数リスト '(CMatrix44, CVector3)' を一致させようとしているとき
     1>c:\users\ogawa\desktop\新しいフォルダー\2018ogawarep\せーさくこうき\gameprogramming\c3dtriangle.h(19): error C2679: 二項演算子 '*' : 型 'CVector3' の右オペランドを扱う演算子が見つかりません (または変換できません)。
                 c:\users\ogawa\desktop\新しいフォルダー\2018ogawarep\せーさくこうき\gameprogramming\cmatrix44.h(89): 'const CMatrix44 CMatrix44::operator *(float) const' の可能性があります。
                 c:\users\ogawa\desktop\新しいフォルダー\2018ogawarep\せーさくこうき\gameprogramming\cmatrix44.h(84): または 'const CMatrix44 CMatrix44::operator *(const CMatrix44 &) const'
                 引数リスト '(CMatrix44, CVector3)' を一致させようとしているとき
     1>c:\users\ogawa\desktop\新しいフォルダー\2018ogawarep\せーさくこうき\gameprogramming\c3dtriangle.h(23): error C2679: 二項演算子 '*' : 型 'CVector3' の右オペランドを扱う演算子が見つかりません (または変換できません)。
                 c:\users\ogawa\desktop\新しいフォルダー\2018ogawarep\せーさくこうき\gameprogramming\cmatrix44.h(89): 'const CMatrix44 CMatrix44::operator *(float) const' の可能性があります。
                 c:\users\ogawa\desktop\新しいフォルダー\2018ogawarep\せーさくこうき\gameprogramming\cmatrix44.h(84): または 'const CMatrix44 CMatrix44::operator *(const CMatrix44 &) const'
                 引数リスト '(CMatrix44, CVector3)' を一致させようとしているとき
         CTrampoline.cpp
     1>c:\users\ogawa\desktop\新しいフォルダー\2018ogawarep\せーさくこうき\gameprogramming\c3dtriangle.h(17): error C2679: 二項演算子 '*' : 型 'CVector3' の右オペランドを扱う演算子が見つかりません (または変換できません)。
                 c:\users\ogawa\desktop\新しいフォルダー\2018ogawarep\せーさくこうき\gameprogramming\cmatrix44.h(89): 'const CMatrix44 CMatrix44::operator *(float) const' の可能性があります。
                 c:\users\ogawa\desktop\新しいフォルダー\2018ogawarep\せーさくこうき\gameprogramming\cmatrix44.h(84): または 'const CMatrix44 CMatrix44::operator *(const CMatrix44 &) const'
                 引数リスト '(CMatrix44, CVector3)' を一致させようとしているとき
     1>c:\users\ogawa\desktop\新しいフォルダー\2018ogawarep\せーさくこうき\gameprogramming\c3dtriangle.h(18): error C2679: 二項演算子 '*' : 型 'CVector3' の右オペランドを扱う演算子が見つかりません (または変換できません)。
                 c:\users\ogawa\desktop\新しいフォルダー\2018ogawarep\せーさくこうき\gameprogramming\cmatrix44.h(89): 'const CMatrix44 CMatrix44::operator *(float) const' の可能性があります。
                 c:\users\ogawa\desktop\新しいフォルダー\2018ogawarep\せーさくこうき\gameprogramming\cmatrix44.h(84): または 'const CMatrix44 CMatrix44::operator *(const CMatrix44 &) const'
                 引数リスト '(CMatrix44, CVector3)' を一致させようとしているとき
     1>c:\users\ogawa\desktop\新しいフォルダー\2018ogawarep\せーさくこうき\gameprogramming\c3dtriangle.h(19): error C2679: 二項演算子 '*' : 型 'CVector3' の右オペランドを扱う演算子が見つかりません (または変換できません)。
                 c:\users\ogawa\desktop\新しいフォルダー\2018ogawarep\せーさくこうき\gameprogramming\cmatrix44.h(89): 'const CMatrix44 CMatrix44::operator *(float) const' の可能性があります。
                 c:\users\ogawa\desktop\新しいフォルダー\2018ogawarep\せーさくこうき\gameprogramming\cmatrix44.h(84): または 'const CMatrix44 CMatrix44::operator *(const CMatrix44 &) const'
                 引数リスト '(CMatrix44, CVector3)' を一致させようとしているとき
     1>c:\users\ogawa\desktop\新しいフォルダー\2018ogawarep\せーさくこうき\gameprogramming\c3dtriangle.h(23): error C2679: 二項演算子 '*' : 型 'CVector3' の右オペランドを扱う演算子が見つかりません (または変換できません)。
                 c:\users\ogawa\desktop\新しいフォルダー\2018ogawarep\せーさくこうき\gameprogramming\cmatrix44.h(89): 'const CMatrix44 CMatrix44::operator *(float) const' の可能性があります。
                 c:\users\ogawa\desktop\新しいフォルダー\2018ogawarep\せーさくこうき\gameprogramming\cmatrix44.h(84): または 'const CMatrix44 CMatrix44::operator *(const CMatrix44 &) const'
                 引数リスト '(CMatrix44, CVector3)' を一致させようとしているとき
         CScene.cpp
     1>c:\users\ogawa\desktop\新しいフォルダー\2018ogawarep\せーさくこうき\gameprogramming\cscene.cpp : fatal error C1041: プログラム データベース 'c:\users\ogawa\desktop\新しいフォルダー\2018ogawarep\せーさくこうき\gameprogramming\debug\vc120.idb' を開けません。複数の CL.EXE が同じ .PDB ファイルに書き込む場合、/FS を使用してください。
         CRectangle.cpp
     1>c:\users\ogawa\desktop\新しいフォルダー\2018ogawarep\せーさくこうき\gameprogramming\cvector3.h(5): error C2011: 'CVector2' : 'class' 型の再定義
                 c:\users\ogawa\desktop\新しいフォルダー\2018ogawarep\せーさくこうき\gameprogramming\cvector2.h(6) : 'CVector2' の宣言を確認してください。
     1>c:\users\ogawa\desktop\新しいフォルダー\2018ogawarep\せーさくこうき\gameprogramming\crectangle.h(21): error C2079: 'CRectangle::mPosition' が 未定義の class 'CVector2' で使用しています。
     1>c:\users\ogawa\desktop\新しいフォルダー\2018ogawarep\せーさくこうき\gameprogramming\crectangle.h(32): error C2079: 'CRectangle::mScale' が 未定義の class 'CVector2' で使用しています。
     1>c:\users\ogawa\desktop\新しいフォルダー\2018ogawarep\せーさくこうき\gameprogramming\crectangle.h(20): error C2359: 'CRectangle::mPosition' : 非クラス型メンバーには単一の初期化子式が必要です。
                 c:\users\ogawa\desktop\新しいフォルダー\2018ogawarep\せーさくこうき\gameprogramming\crectangle.h(21) : 'CRectangle::mPosition' の宣言を確認してください。
     1>c:\users\ogawa\desktop\新しいフォルダー\2018ogawarep\せーさくこうき\gameprogramming\crectangle.h(20): error C2359: 'CRectangle::mScale' : 非クラス型メンバーには単一の初期化子式が必要です。
                 c:\users\ogawa\desktop\新しいフォルダー\2018ogawarep\せーさくこうき\gameprogramming\crectangle.h(32) : 'CRectangle::mScale' の宣言を確認してください。
     1>c:\users\ogawa\desktop\新しいフォルダー\2018ogawarep\せーさくこうき\gameprogramming\crectangle.cpp(5): error C2027: 認識できない型 'CVector2' が使われています。
                 c:\users\ogawa\desktop\新しいフォルダー\2018ogawarep\せーさくこうき\gameprogramming\cvector2.h(6) : 'CVector2' の宣言を確認してください。
     1>c:\users\ogawa\desktop\新しいフォルダー\2018ogawarep\せーさくこうき\gameprogramming\crectangle.cpp(5): error C2228: '.x' の左側はクラス、構造体、共用体でなければなりません
                 c:\users\ogawa\desktop\新しいフォルダー\2018ogawarep\せーさくこうき\gameprogramming\cvector2.h(6) : 'CVector2' の宣言を確認してください。
     1>c:\users\ogawa\desktop\新しいフォルダー\2018ogawarep\せーさくこうき\gameprogramming\crectangle.cpp(5): error C2228: '.y' の左側はクラス、構造体、共用体でなければなりません
     1>c:\users\ogawa\desktop\新しいフォルダー\2018ogawarep\せーさくこうき\gameprogramming\crectangle.cpp(6): error C2027: 認識できない型 'CVector2' が使われています。
                 c:\users\ogawa\desktop\新しいフォルダー\2018ogawarep\せーさくこうき\gameprogramming\cvector2.h(6) : 'CVector2' の宣言を確認してください。
     1>c:\users\ogawa\desktop\新しいフォルダー\2018ogawarep\せーさくこうき\gameprogramming\crectangle.cpp(6): error C2228: '.x' の左側はクラス、構造体、共用体でなければなりません
                 c:\users\ogawa\desktop\新しいフォルダー\2018ogawarep\せーさくこうき\gameprogramming\cvector2.h(6) : 'CVector2' の宣言を確認してください。
     1>c:\users\ogawa\desktop\新しいフォルダー\2018ogawarep\せーさくこうき\gameprogramming\crectangle.cpp(6): error C2228: '.y' の左側はクラス、構造体、共用体でなければなりません
     1>c:\users\ogawa\desktop\新しいフォルダー\2018ogawarep\せーさくこうき\gameprogramming\crectangle.cpp(7): error C2027: 認識できない型 'CVector2' が使われています。
                 c:\users\ogawa\desktop\新しいフォルダー\2018ogawarep\せーさくこうき\gameprogramming\cvector2.h(6) : 'CVector2' の宣言を確認してください。
     1>c:\users\ogawa\desktop\新しいフォルダー\2018ogawarep\せーさくこうき\gameprogramming\crectangle.cpp(7): error C2228: '.x' の左側はクラス、構造体、共用体でなければなりません
                 c:\users\ogawa\desktop\新しいフォルダー\2018ogawarep\せーさくこうき\gameprogramming\cvector2.h(6) : 'CVector2' の宣言を確認してください。
     1>c:\users\ogawa\desktop\新しいフォルダー\2018ogawarep\せーさくこうき\gameprogramming\crectangle.cpp(7): error C2228: '.y' の左側はクラス、構造体、共用体でなければなりません
     1>c:\users\ogawa\desktop\新しいフォルダー\2018ogawarep\せーさくこうき\gameprogramming\crectangle.cpp(8): error C2027: 認識できない型 'CVector2' が使われています。
                 c:\users\ogawa\desktop\新しいフォルダー\2018ogawarep\せーさくこうき\gameprogramming\cvector2.h(6) : 'CVector2' の宣言を確認してください。
     1>c:\users\ogawa\desktop\新しいフォルダー\2018ogawarep\せーさくこうき\gameprogramming\crectangle.cpp(8): error C2228: '.x' の左側はクラス、構造体、共用体でなければなりません
                 c:\users\ogawa\desktop\新しいフォルダー\2018ogawarep\せーさくこうき\gameprogramming\cvector2.h(6) : 'CVector2' の宣言を確認してください。
     1>c:\users\ogawa\desktop\新しいフォルダー\2018ogawarep\せーさくこうき\gameprogramming\crectangle.cpp(8): error C2228: '.y' の左側はクラス、構造体、共用体でなければなりません
     1>c:\users\ogawa\desktop\新しいフォルダー\2018ogawarep\せーさくこうき\gameprogramming\crectangle.cpp(13): error C2228: '.x' の左側はクラス、構造体、共用体でなければなりません
                 型は 'int' です。
     1>c:\users\ogawa\desktop\新しいフォルダー\2018ogawarep\せーさくこうき\gameprogramming\crectangle.cpp(13): error C2228: '.y' の左側はクラス、構造体、共用体でなければなりません
                 型は 'int' です。
     1>c:\users\ogawa\desktop\新しいフォルダー\2018ogawarep\せーさくこうき\gameprogramming\crectangle.cpp(13): error C2660: 'CMatrix33::SetTranslate' : 関数に 1 個の引数を指定できません。
     1>c:\users\ogawa\desktop\新しいフォルダー\2018ogawarep\せーさくこうき\gameprogramming\crectangle.cpp(15): error C2228: '.x' の左側はクラス、構造体、共用体でなければなりません
                 型は 'int' です。
     1>c:\users\ogawa\desktop\新しいフォルダー\2018ogawarep\せーさくこうき\gameprogramming\crectangle.cpp(15): error C2228: '.y' の左側はクラス、構造体、共用体でなければなりません
                 型は 'int' です。
     1>c:\users\ogawa\desktop\新しいフォルダー\2018ogawarep\せーさくこうき\gameprogramming\crectangle.cpp(15): error C2660: 'CMatrix33::SetScale' : 関数に 1 個の引数を指定できません。
     1>c:\users\ogawa\desktop\新しいフォルダー\2018ogawarep\せーさくこうき\gameprogramming\crectangle.cpp(30): error C2027: 認識できない型 'CVector2' が使われています。
                 c:\users\ogawa\desktop\新しいフォルダー\2018ogawarep\せーさくこうき\gameprogramming\cvector2.h(6) : 'CVector2' の宣言を確認してください。
     1>c:\users\ogawa\desktop\新しいフォルダー\2018ogawarep\せーさくこうき\gameprogramming\crectangle.cpp(30): error C2228: '.x' の左側はクラス、構造体、共用体でなければなりません
                 c:\users\ogawa\desktop\新しいフォルダー\2018ogawarep\せーさくこうき\gameprogramming\cvector2.h(6) : 'CVector2' の宣言を確認してください。
     1>c:\users\ogawa\desktop\新しいフォルダー\2018ogawarep\せーさくこうき\gameprogramming\crectangle.cpp(30): error C2228: '.y' の左側はクラス、構造体、共用体でなければなりません
     1>c:\users\ogawa\desktop\新しいフォルダー\2018ogawarep\せーさくこうき\gameprogramming\crectangle.cpp(30): error C2660: 'glVertex2d' : 関数に 1 個の引数を指定できません。
     1>c:\users\ogawa\desktop\新しいフォルダー\2018ogawarep\せーさくこうき\gameprogramming\crectangle.cpp(31): error C2027: 認識できない型 'CVector2' が使われています。
                 c:\users\ogawa\desktop\新しいフォルダー\2018ogawarep\せーさくこうき\gameprogramming\cvector2.h(6) : 'CVector2' の宣言を確認してください。
     1>c:\users\ogawa\desktop\新しいフォルダー\2018ogawarep\せーさくこうき\gameprogramming\crectangle.cpp(31): error C2228: '.x' の左側はクラス、構造体、共用体でなければなりません
                 c:\users\ogawa\desktop\新しいフォルダー\2018ogawarep\せーさくこうき\gameprogramming\cvector2.h(6) : 'CVector2' の宣言を確認してください。
     1>c:\users\ogawa\desktop\新しいフォルダー\2018ogawarep\せーさくこうき\gameprogramming\crectangle.cpp(31): error C2228: '.y' の左側はクラス、構造体、共用体でなければなりません
     1>c:\users\ogawa\desktop\新しいフォルダー\2018ogawarep\せーさくこうき\gameprogramming\crectangle.cpp(31): error C2660: 'glVertex2d' : 関数に 1 個の引数を指定できません。
     1>c:\users\ogawa\desktop\新しいフォルダー\2018ogawarep\せーさくこうき\gameprogramming\crectangle.cpp(32): error C2027: 認識できない型 'CVector2' が使われています。
                 c:\users\ogawa\desktop\新しいフォルダー\2018ogawarep\せーさくこうき\gameprogramming\cvector2.h(6) : 'CVector2' の宣言を確認してください。
     1>c:\users\ogawa\desktop\新しいフォルダー\2018ogawarep\せーさくこうき\gameprogramming\crectangle.cpp(32): error C2228: '.x' の左側はクラス、構造体、共用体でなければなりません
                 c:\users\ogawa\desktop\新しいフォルダー\2018ogawarep\せーさくこうき\gameprogramming\cvector2.h(6) : 'CVector2' の宣言を確認してください。
     1>c:\users\ogawa\desktop\新しいフォルダー\2018ogawarep\せーさくこうき\gameprogramming\crectangle.cpp(32): error C2228: '.y' の左側はクラス、構造体、共用体でなければなりません
     1>c:\users\ogawa\desktop\新しいフォルダー\2018ogawarep\せーさくこうき\gameprogramming\crectangle.cpp(32): error C2660: 'glVertex2d' : 関数に 1 個の引数を指定できません。
     1>c:\users\ogawa\desktop\新しいフォルダー\2018ogawarep\せーさくこうき\gameprogramming\crectangle.cpp(33): error C2027: 認識できない型 'CVector2' が使われています。
                 c:\users\ogawa\desktop\新しいフォルダー\2018ogawarep\せーさくこうき\gameprogramming\cvector2.h(6) : 'CVector2' の宣言を確認してください。
     1>c:\users\ogawa\desktop\新しいフォルダー\2018ogawarep\せーさくこうき\gameprogramming\crectangle.cpp(33): error C2228: '.x' の左側はクラス、構造体、共用体でなければなりません
                 c:\users\ogawa\desktop\新しいフォルダー\2018ogawarep\せーさくこうき\gameprogramming\cvector2.h(6) : 'CVector2' の宣言を確認してください。
     1>c:\users\ogawa\desktop\新しいフォルダー\2018ogawarep\せーさくこうき\gameprogramming\crectangle.cpp(33): error C2228: '.y' の左側はクラス、構造体、共用体でなければなりません
     1>c:\users\ogawa\desktop\新しいフォルダー\2018ogawarep\せーさくこうき\gameprogramming\crectangle.cpp(33): error C2660: 'glVertex2d' : 関数に 1 個の引数を指定できません。
     1>c:\users\ogawa\desktop\新しいフォルダー\2018ogawarep\せーさくこうき\gameprogramming\crectangle.cpp(42): error C2027: 認識できない型 'CVector2' が使われています。
                 c:\users\ogawa\desktop\新しいフォルダー\2018ogawarep\せーさくこうき\gameprogramming\cvector2.h(6) : 'CVector2' の宣言を確認してください。
     1>c:\users\ogawa\desktop\新しいフォルダー\2018ogawarep\せーさくこうき\gameprogramming\crectangle.cpp(42): error C2228: '.x' の左側はクラス、構造体、共用体でなければなりません
                 c:\users\ogawa\desktop\新しいフォルダー\2018ogawarep\せーさくこうき\gameprogramming\cvector2.h(6) : 'CVector2' の宣言を確認してください。
     1>c:\users\ogawa\desktop\新しいフォルダー\2018ogawarep\せーさくこうき\gameprogramming\crectangle.cpp(42): error C2228: '.y' の左側はクラス、構造体、共用体でなければなりません
     1>c:\users\ogawa\desktop\新しいフォルダー\2018ogawarep\せーさくこうき\gameprogramming\crectangle.cpp(42): error C2660: 'glTexCoord2f' : 関数に 1 個の引数を指定できません。
     1>c:\users\ogawa\desktop\新しいフォルダー\2018ogawarep\せーさくこうき\gameprogramming\crectangle.cpp(43): error C2027: 認識できない型 'CVector2' が使われています。
                 c:\users\ogawa\desktop\新しいフォルダー\2018ogawarep\せーさくこうき\gameprogramming\cvector2.h(6) : 'CVector2' の宣言を確認してください。
     1>c:\users\ogawa\desktop\新しいフォルダー\2018ogawarep\せーさくこうき\gameprogramming\crectangle.cpp(43): error C2228: '.x' の左側はクラス、構造体、共用体でなければなりません
                 c:\users\ogawa\desktop\新しいフォルダー\2018ogawarep\せーさくこうき\gameprogramming\cvector2.h(6) : 'CVector2' の宣言を確認してください。
     1>c:\users\ogawa\desktop\新しいフォルダー\2018ogawarep\せーさくこうき\gameprogramming\crectangle.cpp(43): error C2228: '.y' の左側はクラス、構造体、共用体でなければなりません
     1>c:\users\ogawa\desktop\新しいフォルダー\2018ogawarep\せーさくこうき\gameprogramming\crectangle.cpp(43): error C2660: 'glVertex2d' : 関数に 1 個の引数を指定できません。
     1>c:\users\ogawa\desktop\新しいフォルダー\2018ogawarep\せーさくこうき\gameprogramming\crectangle.cpp(44): error C2027: 認識できない型 'CVector2' が使われています。
                 c:\users\ogawa\desktop\新しいフォルダー\2018ogawarep\せーさくこうき\gameprogramming\cvector2.h(6) : 'CVector2' の宣言を確認してください。
     1>c:\users\ogawa\desktop\新しいフォルダー\2018ogawarep\せーさくこうき\gameprogramming\crectangle.cpp(44): error C2228: '.x' の左側はクラス、構造体、共用体でなければなりません
                 c:\users\ogawa\desktop\新しいフォルダー\2018ogawarep\せーさくこうき\gameprogramming\cvector2.h(6) : 'CVector2' の宣言を確認してください。
     1>c:\users\ogawa\desktop\新しいフォルダー\2018ogawarep\せーさくこうき\gameprogramming\crectangle.cpp(44): error C2228: '.y' の左側はクラス、構造体、共用体でなければなりません
     1>c:\users\ogawa\desktop\新しいフォルダー\2018ogawarep\せーさくこうき\gameprogramming\crectangle.cpp(44): error C2660: 'glTexCoord2f' : 関数に 1 個の引数を指定できません。
     1>c:\users\ogawa\desktop\新しいフォルダー\2018ogawarep\せーさくこうき\gameprogramming\crectangle.cpp(45): error C2027: 認識できない型 'CVector2' が使われています。
                 c:\users\ogawa\desktop\新しいフォルダー\2018ogawarep\せーさくこうき\gameprogramming\cvector2.h(6) : 'CVector2' の宣言を確認してください。
     1>c:\users\ogawa\desktop\新しいフォルダー\2018ogawarep\せーさくこうき\gameprogramming\crectangle.cpp(45): error C2228: '.x' の左側はクラス、構造体、共用体でなければなりません
                 c:\users\ogawa\desktop\新しいフォルダー\2018ogawarep\せーさくこうき\gameprogramming\cvector2.h(6) : 'CVector2' の宣言を確認してください。
     1>c:\users\ogawa\desktop\新しいフォルダー\2018ogawarep\せーさくこうき\gameprogramming\crectangle.cpp(45): error C2228: '.y' の左側はクラス、構造体、共用体でなければなりません
     1>c:\users\ogawa\desktop\新しいフォルダー\2018ogawarep\せーさくこうき\gameprogramming\crectangle.cpp(45): error C2660: 'glVertex2d' : 関数に 1 個の引数を指定できません。
     1>c:\users\ogawa\desktop\新しいフォルダー\2018ogawarep\せーさくこうき\gameprogramming\crectangle.cpp(46): error C2027: 認識できない型 'CVector2' が使われています。
                 c:\users\ogawa\desktop\新しいフォルダー\2018ogawarep\せーさくこうき\gameprogramming\cvector2.h(6) : 'CVector2' の宣言を確認してください。
     1>c:\users\ogawa\desktop\新しいフォルダー\2018ogawarep\せーさくこうき\gameprogramming\crectangle.cpp(46): error C2228: '.x' の左側はクラス、構造体、共用体でなければなりません
                 c:\users\ogawa\desktop\新しいフォルダー\2018ogawarep\せーさくこうき\gameprogramming\cvector2.h(6) : 'CVector2' の宣言を確認してください。
     1>c:\users\ogawa\desktop\新しいフォルダー\2018ogawarep\せーさくこうき\gameprogramming\crectangle.cpp(46): error C2228: '.y' の左側はクラス、構造体、共用体でなければなりません
     1>c:\users\ogawa\desktop\新しいフォルダー\2018ogawarep\せーさくこうき\gameprogramming\crectangle.cpp(46): error C2660: 'glTexCoord2f' : 関数に 1 個の引数を指定できません。
     1>c:\users\ogawa\desktop\新しいフォルダー\2018ogawarep\せーさくこうき\gameprogramming\crectangle.cpp(47): error C2027: 認識できない型 'CVector2' が使われています。
                 c:\users\ogawa\desktop\新しいフォルダー\2018ogawarep\せーさくこうき\gameprogramming\cvector2.h(6) : 'CVector2' の宣言を確認してください。
     1>c:\users\ogawa\desktop\新しいフォルダー\2018ogawarep\せーさくこうき\gameprogramming\crectangle.cpp(47): error C2228: '.x' の左側はクラス、構造体、共用体でなければなりません
                 c:\users\ogawa\desktop\新しいフォルダー\2018ogawarep\せーさくこうき\gameprogramming\cvector2.h(6) : 'CVector2' の宣言を確認してください。
     1>c:\users\ogawa\desktop\新しいフォルダー\2018ogawarep\せーさくこうき\gameprogramming\crectangle.cpp(47): error C2228: '.y' の左側はクラス、構造体、共用体でなければなりません
     1>c:\users\ogawa\desktop\新しいフォルダー\2018ogawarep\せーさくこうき\gameprogramming\crectangle.cpp(47): error C2660: 'glVertex2d' : 関数に 1 個の引数を指定できません。
     1>c:\users\ogawa\desktop\新しいフォルダー\2018ogawarep\せーさくこうき\gameprogramming\crectangle.cpp(48): error C2027: 認識できない型 'CVector2' が使われています。
                 c:\users\ogawa\desktop\新しいフォルダー\2018ogawarep\せーさくこうき\gameprogramming\cvector2.h(6) : 'CVector2' の宣言を確認してください。
     1>c:\users\ogawa\desktop\新しいフォルダー\2018ogawarep\せーさくこうき\gameprogramming\crectangle.cpp(48): error C2228: '.x' の左側はクラス、構造体、共用体でなければなりません
                 c:\users\ogawa\desktop\新しいフォルダー\2018ogawarep\せーさくこうき\gameprogramming\cvector2.h(6) : 'CVector2' の宣言を確認してください。
     1>c:\users\ogawa\desktop\新しいフォルダー\2018ogawarep\せーさくこうき\gameprogramming\crectangle.cpp(48): error C2228: '.y' の左側はクラス、構造体、共用体でなければなりません
     1>c:\users\ogawa\desktop\新しいフォルダー\2018ogawarep\せーさくこうき\gameprogramming\crectangle.cpp(48): error C2660: 'glTexCoord2f' : 関数に 1 個の引数を指定できません。
     1>c:\users\ogawa\desktop\新しいフォルダー\2018ogawarep\せーさくこうき\gameprogramming\crectangle.cpp(49): error C2027: 認識できない型 'CVector2' が使われています。
                 c:\users\ogawa\desktop\新しいフォルダー\2018ogawarep\せーさくこうき\gameprogramming\cvector2.h(6) : 'CVector2' の宣言を確認してください。
     1>c:\users\ogawa\desktop\新しいフォルダー\2018ogawarep\せーさくこうき\gameprogramming\crectangle.cpp(49): error C2228: '.x' の左側はクラス、構造体、共用体でなければなりません
                 c:\users\ogawa\desktop\新しいフォルダー\2018ogawarep\せーさくこうき\gameprogramming\cvector2.h(6) : 'CVector2' の宣言を確認してください。
     1>c:\users\ogawa\desktop\新しいフォルダー\2018ogawarep\せーさくこうき\gameprogramming\crectangle.cpp(49): error C2228: '.y' の左側はクラス、構造体、共用体でなければなりません
     1>c:\users\ogawa\desktop\新しいフォルダー\2018ogawarep\せーさくこうき\gameprogramming\crectangle.cpp(49): error C2660: 'glVertex2d' : 関数に 1 個の引数を指定できません。
     1>c:\users\ogawa\desktop\新しいフォルダー\2018ogawarep\せーさくこうき\gameprogramming\crectangle.cpp(67): error C2027: 認識できない型 'CVector2' が使われています。
                 c:\users\ogawa\desktop\新しいフォルダー\2018ogawarep\せーさくこうき\gameprogramming\cvector2.h(6) : 'CVector2' の宣言を確認してください。
     1>c:\users\ogawa\desktop\新しいフォルダー\2018ogawarep\せーさくこうき\gameprogramming\crectangle.cpp(67): error C2228: '.x' の左側はクラス、構造体、共用体でなければなりません
     1>c:\users\ogawa\desktop\新しいフォルダー\2018ogawarep\せーさくこうき\gameprogramming\crectangle.cpp(68): error C2027: 認識できない型 'CVector2' が使われています。
                 c:\users\ogawa\desktop\新しいフォルダー\2018ogawarep\せーさくこうき\gameprogramming\cvector2.h(6) : 'CVector2' の宣言を確認してください。
     1>c:\users\ogawa\desktop\新しいフォルダー\2018ogawarep\せーさくこうき\gameprogramming\crectangle.cpp(68): error C2228: '.y' の左側はクラス、構造体、共用体でなければなりません
     1>c:\users\ogawa\desktop\新しいフォルダー\2018ogawarep\せーさくこうき\gameprogramming\crectangle.cpp(69): error C2027: 認識できない型 'CVector2' が使われています。
                 c:\users\ogawa\desktop\新しいフォルダー\2018ogawarep\せーさくこうき\gameprogramming\cvector2.h(6) : 'CVector2' の宣言を確認してください。
     1>c:\users\ogawa\desktop\新しいフォルダー\2018ogawarep\せーさくこうき\gameprogramming\crectangle.cpp(69): error C2228: '.x' の左側はクラス、構造体、共用体でなければなりません
     1>c:\users\ogawa\desktop\新しいフォルダー\2018ogawarep\せーさくこうき\gameprogramming\crectangle.cpp(70): error C2027: 認識できない型 'CVector2' が使われています。
                 c:\users\ogawa\desktop\新しいフォルダー\2018ogawarep\せーさくこうき\gameprogramming\cvector2.h(6) : 'CVector2' の宣言を確認してください。
     1>c:\users\ogawa\desktop\新しいフォルダー\2018ogawarep\せーさくこうき\gameprogramming\crectangle.cpp(70): error C2228: '.y' の左側はクラス、構造体、共用体でなければなりません
     1>c:\users\ogawa\desktop\新しいフォルダー\2018ogawarep\せーさくこうき\gameprogramming\crectangle.cpp(71): error C2027: 認識できない型 'CVector2' が使われています。
                 c:\users\ogawa\desktop\新しいフォルダー\2018ogawarep\せーさくこうき\gameprogramming\cvector2.h(6) : 'CVector2' の宣言を確認してください。
     1>c:\users\ogawa\desktop\新しいフォルダー\2018ogawarep\せーさくこうき\gameprogramming\crectangle.cpp(71): error C2228: '.x' の左側はクラス、構造体、共用体でなければなりません
     1>c:\users\ogawa\desktop\新しいフォルダー\2018ogawarep\せーさくこうき\gameprogramming\crectangle.cpp(72): error C2027: 認識できない型 'CVector2' が使われています。
                 c:\users\ogawa\desktop\新しいフォルダー\2018ogawarep\せーさくこうき\gameprogramming\cvector2.h(6) : 'CVector2' の宣言を確認してください。
     1>c:\users\ogawa\desktop\新しいフォルダー\2018ogawarep\せーさくこうき\gameprogramming\crectangle.cpp(72): error C2228: '.y' の左側はクラス、構造体、共用体でなければなりません
     1>c:\users\ogawa\desktop\新しいフォルダー\2018ogawarep\せーさくこうき\gameprogramming\crectangle.cpp(73): error C2027: 認識できない型 'CVector2' が使われています。
                 c:\users\ogawa\desktop\新しいフォルダー\2018ogawarep\せーさくこうき\gameprogramming\cvector2.h(6) : 'CVector2' の宣言を確認してください。
     1>c:\users\ogawa\desktop\新しいフォルダー\2018ogawarep\せーさくこうき\gameprogramming\crectangle.cpp(73): error C2228: '.x' の左側はクラス、構造体、共用体でなければなりません
     1>c:\users\ogawa\desktop\新しいフォルダー\2018ogawarep\せーさくこうき\gameprogramming\crectangle.cpp(74): error C2027: 認識できない型 'CVector2' が使われています。
                 c:\users\ogawa\desktop\新しいフォルダー\2018ogawarep\せーさくこうき\gameprogramming\cvector2.h(6) : 'CVector2' の宣言を確認してください。
     1>c:\users\ogawa\desktop\新しいフォルダー\2018ogawarep\せーさくこうき\gameprogramming\crectangle.cpp(74): error C2228: '.y' の左側はクラス、構造体、共用体でなければなりません
         CPlayer.cpp
     1>c:\users\ogawa\desktop\新しいフォルダー\2018ogawarep\せーさくこうき\gameprogramming\c3dtriangle.h(17): error C2679: 二項演算子 '*' : 型 'CVector3' の右オペランドを扱う演算子が見つかりません (または変換できません)。
                 c:\users\ogawa\desktop\新しいフォルダー\2018ogawarep\せーさくこうき\gameprogramming\cmatrix44.h(89): 'const CMatrix44 CMatrix44::operator *(float) const' の可能性があります。
                 c:\users\ogawa\desktop\新しいフォルダー\2018ogawarep\せーさくこうき\gameprogramming\cmatrix44.h(84): または 'const CMatrix44 CMatrix44::operator *(const CMatrix44 &) const'
                 引数リスト '(CMatrix44, CVector3)' を一致させようとしているとき
     1>c:\users\ogawa\desktop\新しいフォルダー\2018ogawarep\せーさくこうき\gameprogramming\c3dtriangle.h(18): error C2679: 二項演算子 '*' : 型 'CVector3' の右オペランドを扱う演算子が見つかりません (または変換できません)。
                 c:\users\ogawa\desktop\新しいフォルダー\2018ogawarep\せーさくこうき\gameprogramming\cmatrix44.h(89): 'const CMatrix44 CMatrix44::operator *(float) const' の可能性があります。
                 c:\users\ogawa\desktop\新しいフォルダー\2018ogawarep\せーさくこうき\gameprogramming\cmatrix44.h(84): または 'const CMatrix44 CMatrix44::operator *(const CMatrix44 &) const'
                 引数リスト '(CMatrix44, CVector3)' を一致させようとしているとき
     1>c:\users\ogawa\desktop\新しいフォルダー\2018ogawarep\せーさくこうき\gameprogramming\c3dtriangle.h(19): error C2679: 二項演算子 '*' : 型 'CVector3' の右オペランドを扱う演算子が見つかりません (または変換できません)。
                 c:\users\ogawa\desktop\新しいフォルダー\2018ogawarep\せーさくこうき\gameprogramming\cmatrix44.h(89): 'const CMatrix44 CMatrix44::operator *(float) const' の可能性があります。
                 c:\users\ogawa\desktop\新しいフォルダー\2018ogawarep\せーさくこうき\gameprogramming\cmatrix44.h(84): または 'const CMatrix44 CMatrix44::operator *(const CMatrix44 &) const'
                 引数リスト '(CMatrix44, CVector3)' を一致させようとしているとき
     1>c:\users\ogawa\desktop\新しいフォルダー\2018ogawarep\せーさくこうき\gameprogramming\c3dtriangle.h(23): error C2679: 二項演算子 '*' : 型 'CVector3' の右オペランドを扱う演算子が見つかりません (または変換できません)。
                 c:\users\ogawa\desktop\新しいフォルダー\2018ogawarep\せーさくこうき\gameprogramming\cmatrix44.h(89): 'const CMatrix44 CMatrix44::operator *(float) const' の可能性があります。
                 c:\users\ogawa\desktop\新しいフォルダー\2018ogawarep\せーさくこうき\gameprogramming\cmatrix44.h(84): または 'const CMatrix44 CMatrix44::operator *(const CMatrix44 &) const'
                 引数リスト '(CMatrix44, CVector3)' を一致させようとしているとき
     1>c:\users\ogawa\desktop\新しいフォルダー\2018ogawarep\せーさくこうき\gameprogramming\cplayer.cpp(140): error C2039: 'SetRotationY' : 'CMatrix44' のメンバーではありません。
                 c:\users\ogawa\desktop\新しいフォルダー\2018ogawarep\せーさくこうき\gameprogramming\cmatrix44.h(23) : 'CMatrix44' の宣言を確認してください。
     1>c:\users\ogawa\desktop\新しいフォルダー\2018ogawarep\せーさくこうき\gameprogramming\cplayer.cpp(141): error C2679: 二項演算子 '*' : 型 'CVector3' の右オペランドを扱う演算子が見つかりません (または変換できません)。
                 c:\users\ogawa\desktop\新しいフォルダー\2018ogawarep\せーさくこうき\gameprogramming\cmatrix44.h(89): 'const CMatrix44 CMatrix44::operator *(float) const' の可能性があります。
                 c:\users\ogawa\desktop\新しいフォルダー\2018ogawarep\せーさくこうき\gameprogramming\cmatrix44.h(84): または 'const CMatrix44 CMatrix44::operator *(const CMatrix44 &) const'
                 引数リスト '(CMatrix44, CVector3)' を一致させようとしているとき
     1>c:\users\ogawa\desktop\新しいフォルダー\2018ogawarep\せーさくこうき\gameprogramming\cplayer.cpp(157): error C2661: 'C3DCollider::Collision' : 5 個の引数を伴うオーバーロードされた関数はありません。
         CPass.cpp
     1>c:\users\ogawa\desktop\新しいフォルダー\2018ogawarep\せーさくこうき\gameprogramming\c3dtriangle.h(17): error C2679: 二項演算子 '*' : 型 'CVector3' の右オペランドを扱う演算子が見つかりません (または変換できません)。
                 c:\users\ogawa\desktop\新しいフォルダー\2018ogawarep\せーさくこうき\gameprogramming\cmatrix44.h(89): 'const CMatrix44 CMatrix44::operator *(float) const' の可能性があります。
                 c:\users\ogawa\desktop\新しいフォルダー\2018ogawarep\せーさくこうき\gameprogramming\cmatrix44.h(84): または 'const CMatrix44 CMatrix44::operator *(const CMatrix44 &) const'
                 引数リスト '(CMatrix44, CVector3)' を一致させようとしているとき
     1>c:\users\ogawa\desktop\新しいフォルダー\2018ogawarep\せーさくこうき\gameprogramming\c3dtriangle.h(18): error C2679: 二項演算子 '*' : 型 'CVector3' の右オペランドを扱う演算子が見つかりません (または変換できません)。
                 c:\users\ogawa\desktop\新しいフォルダー\2018ogawarep\せーさくこうき\gameprogramming\cmatrix44.h(89): 'const CMatrix44 CMatrix44::operator *(float) const' の可能性があります。
                 c:\users\ogawa\desktop\新しいフォルダー\2018ogawarep\せーさくこうき\gameprogramming\cmatrix44.h(84): または 'const CMatrix44 CMatrix44::operator *(const CMatrix44 &) const'
                 引数リスト '(CMatrix44, CVector3)' を一致させようとしているとき
     1>c:\users\ogawa\desktop\新しいフォルダー\2018ogawarep\せーさくこうき\gameprogramming\c3dtriangle.h(19): error C2679: 二項演算子 '*' : 型 'CVector3' の右オペランドを扱う演算子が見つかりません (または変換できません)。
                 c:\users\ogawa\desktop\新しいフォルダー\2018ogawarep\せーさくこうき\gameprogramming\cmatrix44.h(89): 'const CMatrix44 CMatrix44::operator *(float) const' の可能性があります。
                 c:\users\ogawa\desktop\新しいフォルダー\2018ogawarep\せーさくこうき\gameprogramming\cmatrix44.h(84): または 'const CMatrix44 CMatrix44::operator *(const CMatrix44 &) const'
                 引数リスト '(CMatrix44, CVector3)' を一致させようとしているとき
     1>c:\users\ogawa\desktop\新しいフォルダー\2018ogawarep\せーさくこうき\gameprogramming\c3dtriangle.h(23): error C2679: 二項演算子 '*' : 型 'CVector3' の右オペランドを扱う演算子が見つかりません (または変換できません)。
                 c:\users\ogawa\desktop\新しいフォルダー\2018ogawarep\せーさくこうき\gameprogramming\cmatrix44.h(89): 'const CMatrix44 CMatrix44::operator *(float) const' の可能性があります。
                 c:\users\ogawa\desktop\新しいフォルダー\2018ogawarep\せーさくこうき\gameprogramming\cmatrix44.h(84): または 'const CMatrix44 CMatrix44::operator *(const CMatrix44 &) const'
                 引数リスト '(CMatrix44, CVector3)' を一致させようとしているとき
         CMove.cpp
     1>c:\users\ogawa\desktop\新しいフォルダー\2018ogawarep\せーさくこうき\gameprogramming\c3dtriangle.h(17): error C2679: 二項演算子 '*' : 型 'CVector3' の右オペランドを扱う演算子が見つかりません (または変換できません)。
                 c:\users\ogawa\desktop\新しいフォルダー\2018ogawarep\せーさくこうき\gameprogramming\cmatrix44.h(89): 'const CMatrix44 CMatrix44::operator *(float) const' の可能性があります。
                 c:\users\ogawa\desktop\新しいフォルダー\2018ogawarep\せーさくこうき\gameprogramming\cmatrix44.h(84): または 'const CMatrix44 CMatrix44::operator *(const CMatrix44 &) const'
                 引数リスト '(CMatrix44, CVector3)' を一致させようとしているとき
     1>c:\users\ogawa\desktop\新しいフォルダー\2018ogawarep\せーさくこうき\gameprogramming\c3dtriangle.h(18): error C2679: 二項演算子 '*' : 型 'CVector3' の右オペランドを扱う演算子が見つかりません (または変換できません)。
                 c:\users\ogawa\desktop\新しいフォルダー\2018ogawarep\せーさくこうき\gameprogramming\cmatrix44.h(89): 'const CMatrix44 CMatrix44::operator *(float) const' の可能性があります。
                 c:\users\ogawa\desktop\新しいフォルダー\2018ogawarep\せーさくこうき\gameprogramming\cmatrix44.h(84): または 'const CMatrix44 CMatrix44::operator *(const CMatrix44 &) const'
                 引数リスト '(CMatrix44, CVector3)' を一致させようとしているとき
     1>c:\users\ogawa\desktop\新しいフォルダー\2018ogawarep\せーさくこうき\gameprogramming\c3dtriangle.h(19): error C2679: 二項演算子 '*' : 型 'CVector3' の右オペランドを扱う演算子が見つかりません (または変換できません)。
                 c:\users\ogawa\desktop\新しいフォルダー\2018ogawarep\せーさくこうき\gameprogramming\cmatrix44.h(89): 'const CMatrix44 CMatrix44::operator *(float) const' の可能性があります。
                 c:\users\ogawa\desktop\新しいフォルダー\2018ogawarep\せーさくこうき\gameprogramming\cmatrix44.h(84): または 'const CMatrix44 CMatrix44::operator *(const CMatrix44 &) const'
                 引数リスト '(CMatrix44, CVector3)' を一致させようとしているとき
     1>c:\users\ogawa\desktop\新しいフォルダー\2018ogawarep\せーさくこうき\gameprogramming\c3dtriangle.h(23): error C2679: 二項演算子 '*' : 型 'CVector3' の右オペランドを扱う演算子が見つかりません (または変換できません)。
                 c:\users\ogawa\desktop\新しいフォルダー\2018ogawarep\せーさくこうき\gameprogramming\cmatrix44.h(89): 'const CMatrix44 CMatrix44::operator *(float) const' の可能性があります。
                 c:\users\ogawa\desktop\新しいフォルダー\2018ogawarep\せーさくこうき\gameprogramming\cmatrix44.h(84): または 'const CMatrix44 CMatrix44::operator *(const CMatrix44 &) const'
                 引数リスト '(CMatrix44, CVector3)' を一致させようとしているとき
         CHappy.cpp
     1>c:\users\ogawa\desktop\新しいフォルダー\2018ogawarep\せーさくこうき\gameprogramming\chappy.cpp : fatal error C1041: プログラム データベース 'c:\users\ogawa\desktop\新しいフォルダー\2018ogawarep\せーさくこうき\gameprogramming\debug\vc120.pdb' を開けません。複数の CL.EXE が同じ .PDB ファイルに書き込む場合、/FS を使用してください。
         CHammer.cpp
     1>c:\users\ogawa\desktop\新しいフォルダー\2018ogawarep\せーさくこうき\gameprogramming\c3dtriangle.h(17): error C2679: 二項演算子 '*' : 型 'CVector3' の右オペランドを扱う演算子が見つかりません (または変換できません)。
                 c:\users\ogawa\desktop\新しいフォルダー\2018ogawarep\せーさくこうき\gameprogramming\cmatrix44.h(89): 'const CMatrix44 CMatrix44::operator *(float) const' の可能性があります。
                 c:\users\ogawa\desktop\新しいフォルダー\2018ogawarep\せーさくこうき\gameprogramming\cmatrix44.h(84): または 'const CMatrix44 CMatrix44::operator *(const CMatrix44 &) const'
                 引数リスト '(CMatrix44, CVector3)' を一致させようとしているとき
     1>c:\users\ogawa\desktop\新しいフォルダー\2018ogawarep\せーさくこうき\gameprogramming\c3dtriangle.h(18): error C2679: 二項演算子 '*' : 型 'CVector3' の右オペランドを扱う演算子が見つかりません (または変換できません)。
                 c:\users\ogawa\desktop\新しいフォルダー\2018ogawarep\せーさくこうき\gameprogramming\cmatrix44.h(89): 'const CMatrix44 CMatrix44::operator *(float) const' の可能性があります。
                 c:\users\ogawa\desktop\新しいフォルダー\2018ogawarep\せーさくこうき\gameprogramming\cmatrix44.h(84): または 'const CMatrix44 CMatrix44::operator *(const CMatrix44 &) const'
                 引数リスト '(CMatrix44, CVector3)' を一致させようとしているとき
     1>c:\users\ogawa\desktop\新しいフォルダー\2018ogawarep\せーさくこうき\gameprogramming\c3dtriangle.h(19): error C2679: 二項演算子 '*' : 型 'CVector3' の右オペランドを扱う演算子が見つかりません (または変換できません)。
                 c:\users\ogawa\desktop\新しいフォルダー\2018ogawarep\せーさくこうき\gameprogramming\cmatrix44.h(89): 'const CMatrix44 CMatrix44::operator *(float) const' の可能性があります。
                 c:\users\ogawa\desktop\新しいフォルダー\2018ogawarep\せーさくこうき\gameprogramming\cmatrix44.h(84): または 'const CMatrix44 CMatrix44::operator *(const CMatrix44 &) const'
                 引数リスト '(CMatrix44, CVector3)' を一致させようとしているとき
     1>c:\users\ogawa\desktop\新しいフォルダー\2018ogawarep\せーさくこうき\gameprogramming\c3dtriangle.h(23): error C2679: 二項演算子 '*' : 型 'CVector3' の右オペランドを扱う演算子が見つかりません (または変換できません)。
                 c:\users\ogawa\desktop\新しいフォルダー\2018ogawarep\せーさくこうき\gameprogramming\cmatrix44.h(89): 'const CMatrix44 CMatrix44::operator *(float) const' の可能性があります。
                 c:\users\ogawa\desktop\新しいフォルダー\2018ogawarep\せーさくこうき\gameprogramming\cmatrix44.h(84): または 'const CMatrix44 CMatrix44::operator *(const CMatrix44 &) const'
                 引数リスト '(CMatrix44, CVector3)' を一致させようとしているとき
         CGoal.cpp
     1>c:\users\ogawa\desktop\新しいフォルダー\2018ogawarep\せーさくこうき\gameprogramming\c3dtriangle.h(17): error C2679: 二項演算子 '*' : 型 'CVector3' の右オペランドを扱う演算子が見つかりません (または変換できません)。
                 c:\users\ogawa\desktop\新しいフォルダー\2018ogawarep\せーさくこうき\gameprogramming\cmatrix44.h(89): 'const CMatrix44 CMatrix44::operator *(float) const' の可能性があります。
                 c:\users\ogawa\desktop\新しいフォルダー\2018ogawarep\せーさくこうき\gameprogramming\cmatrix44.h(84): または 'const CMatrix44 CMatrix44::operator *(const CMatrix44 &) const'
                 引数リスト '(CMatrix44, CVector3)' を一致させようとしているとき
     1>c:\users\ogawa\desktop\新しいフォルダー\2018ogawarep\せーさくこうき\gameprogramming\c3dtriangle.h(18): error C2679: 二項演算子 '*' : 型 'CVector3' の右オペランドを扱う演算子が見つかりません (または変換できません)。
                 c:\users\ogawa\desktop\新しいフォルダー\2018ogawarep\せーさくこうき\gameprogramming\cmatrix44.h(89): 'const CMatrix44 CMatrix44::operator *(float) const' の可能性があります。
                 c:\users\ogawa\desktop\新しいフォルダー\2018ogawarep\せーさくこうき\gameprogramming\cmatrix44.h(84): または 'const CMatrix44 CMatrix44::operator *(const CMatrix44 &) const'
                 引数リスト '(CMatrix44, CVector3)' を一致させようとしているとき
     1>c:\users\ogawa\desktop\新しいフォルダー\2018ogawarep\せーさくこうき\gameprogramming\c3dtriangle.h(19): error C2679: 二項演算子 '*' : 型 'CVector3' の右オペランドを扱う演算子が見つかりません (または変換できません)。
                 c:\users\ogawa\desktop\新しいフォルダー\2018ogawarep\せーさくこうき\gameprogramming\cmatrix44.h(89): 'const CMatrix44 CMatrix44::operator *(float) const' の可能性があります。
                 c:\users\ogawa\desktop\新しいフォルダー\2018ogawarep\せーさくこうき\gameprogramming\cmatrix44.h(84): または 'const CMatrix44 CMatrix44::operator *(const CMatrix44 &) const'
                 引数リスト '(CMatrix44, CVector3)' を一致させようとしているとき
     1>c:\users\ogawa\desktop\新しいフォルダー\2018ogawarep\せーさくこうき\gameprogramming\c3dtriangle.h(23): error C2679: 二項演算子 '*' : 型 'CVector3' の右オペランドを扱う演算子が見つかりません (または変換できません)。
                 c:\users\ogawa\desktop\新しいフォルダー\2018ogawarep\せーさくこうき\gameprogramming\cmatrix44.h(89): 'const CMatrix44 CMatrix44::operator *(float) const' の可能性があります。
                 c:\users\ogawa\desktop\新しいフォルダー\2018ogawarep\せーさくこうき\gameprogramming\cmatrix44.h(84): または 'const CMatrix44 CMatrix44::operator *(const CMatrix44 &) const'
                 引数リスト '(CMatrix44, CVector3)' を一致させようとしているとき
         CCollider.cpp
     1>c:\users\ogawa\desktop\新しいフォルダー\2018ogawarep\せーさくこうき\gameprogramming\ccollider.cpp(78): error C2679: 二項演算子 '*' : 型 'CVector3' の右オペランドを扱う演算子が見つかりません (または変換できません)。
                 c:\users\ogawa\desktop\新しいフォルダー\2018ogawarep\せーさくこうき\gameprogramming\cmatrix44.h(89): 'const CMatrix44 CMatrix44::operator *(float) const' の可能性があります。
                 c:\users\ogawa\desktop\新しいフォルダー\2018ogawarep\せーさくこうき\gameprogramming\cmatrix44.h(84): または 'const CMatrix44 CMatrix44::operator *(const CMatrix44 &) const'
                 引数リスト '(CMatrix44, CVector3)' を一致させようとしているとき
     1>c:\users\ogawa\desktop\新しいフォルダー\2018ogawarep\せーさくこうき\gameprogramming\ccollider.cpp(79): error C2679: 二項演算子 '*' : 型 'CVector3' の右オペランドを扱う演算子が見つかりません (または変換できません)。
                 c:\users\ogawa\desktop\新しいフォルダー\2018ogawarep\せーさくこうき\gameprogramming\cmatrix44.h(89): 'const CMatrix44 CMatrix44::operator *(float) const' の可能性があります。
                 c:\users\ogawa\desktop\新しいフォルダー\2018ogawarep\せーさくこうき\gameprogramming\cmatrix44.h(84): または 'const CMatrix44 CMatrix44::operator *(const CMatrix44 &) const'
                 引数リスト '(CMatrix44, CVector3)' を一致させようとしているとき
     1>c:\users\ogawa\desktop\新しいフォルダー\2018ogawarep\せーさくこうき\gameprogramming\ccollider.cpp(85): error C2039: 'Length' : 'CVector3' のメンバーではありません。
                 c:\users\ogawa\desktop\新しいフォルダー\2018ogawarep\せーさくこうき\gameprogramming\cvector3.h(11) : 'CVector3' の宣言を確認してください。
     1>c:\users\ogawa\desktop\新しいフォルダー\2018ogawarep\せーさくこうき\gameprogramming\ccollider.cpp(87): error C2039: 'Length' : 'CVector3' のメンバーではありません。
                 c:\users\ogawa\desktop\新しいフォルダー\2018ogawarep\せーさくこうき\gameprogramming\cvector3.h(11) : 'CVector3' の宣言を確認してください。
     1>c:\users\ogawa\desktop\新しいフォルダー\2018ogawarep\せーさくこうき\gameprogramming\ccollider.cpp(100): error C2679: 二項演算子 '*' : 型 'CVector3' の右オペランドを扱う演算子が見つかりません (または変換できません)。
                 c:\users\ogawa\desktop\新しいフォルダー\2018ogawarep\せーさくこうき\gameprogramming\cmatrix44.h(89): 'const CMatrix44 CMatrix44::operator *(float) const' の可能性があります。
                 c:\users\ogawa\desktop\新しいフォルダー\2018ogawarep\せーさくこうき\gameprogramming\cmatrix44.h(84): または 'const CMatrix44 CMatrix44::operator *(const CMatrix44 &) const'
                 引数リスト '(CMatrix44, CVector3)' を一致させようとしているとき
     1>c:\users\ogawa\desktop\新しいフォルダー\2018ogawarep\せーさくこうき\gameprogramming\ccollider.cpp(102): error C2679: 二項演算子 '*' : 型 'const CVector3' の右オペランドを扱う演算子が見つかりません (または変換できません)。
                 c:\users\ogawa\desktop\新しいフォルダー\2018ogawarep\せーさくこうき\gameprogramming\cmatrix44.h(89): 'const CMatrix44 CMatrix44::operator *(float) const' の可能性があります。
                 c:\users\ogawa\desktop\新しいフォルダー\2018ogawarep\せーさくこうき\gameprogramming\cmatrix44.h(84): または 'const CMatrix44 CMatrix44::operator *(const CMatrix44 &) const'
                 引数リスト '(CMatrix44, const CVector3)' を一致させようとしているとき
     1>c:\users\ogawa\desktop\新しいフォルダー\2018ogawarep\せーさくこうき\gameprogramming\ccollider.cpp(104): error C2679: 二項演算子 '*' : 型 'const CVector3' の右オペランドを扱う演算子が見つかりません (または変換できません)。
                 c:\users\ogawa\desktop\新しいフォルダー\2018ogawarep\せーさくこうき\gameprogramming\cmatrix44.h(89): 'const CMatrix44 CMatrix44::operator *(float) const' の可能性があります。
                 c:\users\ogawa\desktop\新しいフォルダー\2018ogawarep\せーさくこうき\gameprogramming\cmatrix44.h(84): または 'const CMatrix44 CMatrix44::operator *(const CMatrix44 &) const'
                 引数リスト '(CMatrix44, const CVector3)' を一致させようとしているとき
     1>c:\users\ogawa\desktop\新しいフォルダー\2018ogawarep\せーさくこうき\gameprogramming\ccollider.cpp(106): error C2679: 二項演算子 '*' : 型 'const CVector3' の右オペランドを扱う演算子が見つかりません (または変換できません)。
                 c:\users\ogawa\desktop\新しいフォルダー\2018ogawarep\せーさくこうき\gameprogramming\cmatrix44.h(89): 'const CMatrix44 CMatrix44::operator *(float) const' の可能性があります。
                 c:\users\ogawa\desktop\新しいフォルダー\2018ogawarep\せーさくこうき\gameprogramming\cmatrix44.h(84): または 'const CMatrix44 CMatrix44::operator *(const CMatrix44 &) const'
                 引数リスト '(CMatrix44, const CVector3)' を一致させようとしているとき
     1>c:\users\ogawa\desktop\新しいフォルダー\2018ogawarep\せーさくこうき\gameprogramming\ccollider.cpp(108): error C2679: 二項演算子 '*' : 型 'CVector3' の右オペランドを扱う演算子が見つかりません (または変換できません)。
                 c:\users\ogawa\desktop\新しいフォルダー\2018ogawarep\せーさくこうき\gameprogramming\cmatrix44.h(89): 'const CMatrix44 CMatrix44::operator *(float) const' の可能性があります。
                 c:\users\ogawa\desktop\新しいフォルダー\2018ogawarep\せーさくこうき\gameprogramming\cmatrix44.h(84): または 'const CMatrix44 CMatrix44::operator *(const CMatrix44 &) const'
                 引数リスト '(CMatrix44, CVector3)' を一致させようとしているとき
     1>c:\users\ogawa\desktop\新しいフォルダー\2018ogawarep\せーさくこうき\gameprogramming\ccollider.cpp(110): error C2039: 'Dot' : 'CVector3' のメンバーではありません。
                 c:\users\ogawa\desktop\新しいフォルダー\2018ogawarep\せーさくこうき\gameprogramming\cvector3.h(11) : 'CVector3' の宣言を確認してください。
     1>c:\users\ogawa\desktop\新しいフォルダー\2018ogawarep\せーさくこうき\gameprogramming\ccollider.cpp(110): error C3861: 'fabs': 識別子が見つかりませんでした
     1>c:\users\ogawa\desktop\新しいフォルダー\2018ogawarep\せーさくこうき\gameprogramming\ccollider.cpp(112): error C2039: 'Dot' : 'CVector3' のメンバーではありません。
                 c:\users\ogawa\desktop\新しいフォルダー\2018ogawarep\せーさくこうき\gameprogramming\cvector3.h(11) : 'CVector3' の宣言を確認してください。
     1>c:\users\ogawa\desktop\新しいフォルダー\2018ogawarep\せーさくこうき\gameprogramming\ccollider.cpp(112): error C3861: 'fabs': 識別子が見つかりませんでした
     1>c:\users\ogawa\desktop\新しいフォルダー\2018ogawarep\せーさくこうき\gameprogramming\ccollider.cpp(114): error C2039: 'Dot' : 'CVector3' のメンバーではありません。
                 c:\users\ogawa\desktop\新しいフォルダー\2018ogawarep\せーさくこうき\gameprogramming\cvector3.h(11) : 'CVector3' の宣言を確認してください。
     1>c:\users\ogawa\desktop\新しいフォルダー\2018ogawarep\せーさくこうき\gameprogramming\ccollider.cpp(114): error C3861: 'fabs': 識別子が見つかりませんでした
     1>c:\users\ogawa\desktop\新しいフォルダー\2018ogawarep\せーさくこうき\gameprogramming\ccollider.cpp(121): error C2039: 'Dot' : 'CVector3' のメンバーではありません。
                 c:\users\ogawa\desktop\新しいフォルダー\2018ogawarep\せーさくこうき\gameprogramming\cvector3.h(11) : 'CVector3' の宣言を確認してください。
     1>c:\users\ogawa\desktop\新しいフォルダー\2018ogawarep\せーさくこうき\gameprogramming\ccollider.cpp(132): error C2039: 'Dot' : 'CVector3' のメンバーではありません。
                 c:\users\ogawa\desktop\新しいフォルダー\2018ogawarep\せーさくこうき\gameprogramming\cvector3.h(11) : 'CVector3' の宣言を確認してください。
     1>c:\users\ogawa\desktop\新しいフォルダー\2018ogawarep\せーさくこうき\gameprogramming\ccollider.cpp(143): error C2039: 'Dot' : 'CVector3' のメンバーではありません。
                 c:\users\ogawa\desktop\新しいフォルダー\2018ogawarep\せーさくこうき\gameprogramming\cvector3.h(11) : 'CVector3' の宣言を確認してください。
     1>c:\users\ogawa\desktop\新しいフォルダー\2018ogawarep\せーさくこうき\gameprogramming\ccollider.cpp(152): error C2039: 'Dot' : 'CVector3' のメンバーではありません。
                 c:\users\ogawa\desktop\新しいフォルダー\2018ogawarep\せーさくこうき\gameprogramming\cvector3.h(11) : 'CVector3' の宣言を確認してください。
         C3DBox.cpp
     1>c:\users\ogawa\desktop\新しいフォルダー\2018ogawarep\せーさくこうき\gameprogramming\c3dtriangle.h(17): error C2679: 二項演算子 '*' : 型 'CVector3' の右オペランドを扱う演算子が見つかりません (または変換できません)。
                 c:\users\ogawa\desktop\新しいフォルダー\2018ogawarep\せーさくこうき\gameprogramming\cmatrix44.h(89): 'const CMatrix44 CMatrix44::operator *(float) const' の可能性があります。
                 c:\users\ogawa\desktop\新しいフォルダー\2018ogawarep\せーさくこうき\gameprogramming\cmatrix44.h(84): または 'const CMatrix44 CMatrix44::operator *(const CMatrix44 &) const'
                 引数リスト '(CMatrix44, CVector3)' を一致させようとしているとき
     1>c:\users\ogawa\desktop\新しいフォルダー\2018ogawarep\せーさくこうき\gameprogramming\c3dtriangle.h(18): error C2679: 二項演算子 '*' : 型 'CVector3' の右オペランドを扱う演算子が見つかりません (または変換できません)。
                 c:\users\ogawa\desktop\新しいフォルダー\2018ogawarep\せーさくこうき\gameprogramming\cmatrix44.h(89): 'const CMatrix44 CMatrix44::operator *(float) const' の可能性があります。
                 c:\users\ogawa\desktop\新しいフォルダー\2018ogawarep\せーさくこうき\gameprogramming\cmatrix44.h(84): または 'const CMatrix44 CMatrix44::operator *(const CMatrix44 &) const'
                 引数リスト '(CMatrix44, CVector3)' を一致させようとしているとき
     1>c:\users\ogawa\desktop\新しいフォルダー\2018ogawarep\せーさくこうき\gameprogramming\c3dtriangle.h(19): error C2679: 二項演算子 '*' : 型 'CVector3' の右オペランドを扱う演算子が見つかりません (または変換できません)。
                 c:\users\ogawa\desktop\新しいフォルダー\2018ogawarep\せーさくこうき\gameprogramming\cmatrix44.h(89): 'const CMatrix44 CMatrix44::operator *(float) const' の可能性があります。
                 c:\users\ogawa\desktop\新しいフォルダー\2018ogawarep\せーさくこうき\gameprogramming\cmatrix44.h(84): または 'const CMatrix44 CMatrix44::operator *(const CMatrix44 &) const'
                 引数リスト '(CMatrix44, CVector3)' を一致させようとしているとき
     1>c:\users\ogawa\desktop\新しいフォルダー\2018ogawarep\せーさくこうき\gameprogramming\c3dtriangle.h(23): error C2679: 二項演算子 '*' : 型 'CVector3' の右オペランドを扱う演算子が見つかりません (または変換できません)。
                 c:\users\ogawa\desktop\新しいフォルダー\2018ogawarep\せーさくこうき\gameprogramming\cmatrix44.h(89): 'const CMatrix44 CMatrix44::operator *(float) const' の可能性があります。
                 c:\users\ogawa\desktop\新しいフォルダー\2018ogawarep\せーさくこうき\gameprogramming\cmatrix44.h(84): または 'const CMatrix44 CMatrix44::operator *(const CMatrix44 &) const'
                 引数リスト '(CMatrix44, CVector3)' を一致させようとしているとき
     1>c:\users\ogawa\desktop\新しいフォルダー\2018ogawarep\せーさくこうき\gameprogramming\c3dbox.cpp(153): error C2039: 'SetRotationY' : 'CMatrix44' のメンバーではありません。
                 c:\users\ogawa\desktop\新しいフォルダー\2018ogawarep\せーさくこうき\gameprogramming\cmatrix44.h(23) : 'CMatrix44' の宣言を確認してください。
     1>c:\users\ogawa\desktop\新しいフォルダー\2018ogawarep\せーさくこうき\gameprogramming\c3dbox.cpp(156): error C2039: 'SetRotationX' : 'CMatrix44' のメンバーではありません。
                 c:\users\ogawa\desktop\新しいフォルダー\2018ogawarep\せーさくこうき\gameprogramming\cmatrix44.h(23) : 'CMatrix44' の宣言を確認してください。
     1>c:\users\ogawa\desktop\新しいフォルダー\2018ogawarep\せーさくこうき\gameprogramming\c3dbox.cpp(160): error C2679: 二項演算子 '*' : 型 'CVector3' の右オペランドを扱う演算子が見つかりません (または変換できません)。
                 c:\users\ogawa\desktop\新しいフォルダー\2018ogawarep\せーさくこうき\gameprogramming\cmatrix44.h(89): 'const CMatrix44 CMatrix44::operator *(float) const' の可能性があります。
                 c:\users\ogawa\desktop\新しいフォルダー\2018ogawarep\せーさくこうき\gameprogramming\cmatrix44.h(84): または 'const CMatrix44 CMatrix44::operator *(const CMatrix44 &) const'
                 引数リスト '(CMatrix44, CVector3)' を一致させようとしているとき
     1>c:\users\ogawa\desktop\新しいフォルダー\2018ogawarep\せーさくこうき\gameprogramming\c3dbox.cpp(162): error C2039: 'SetTranslate' : 'CMatrix44' のメンバーではありません。
                 c:\users\ogawa\desktop\新しいフォルダー\2018ogawarep\せーさくこうき\gameprogramming\cmatrix44.h(23) : 'CMatrix44' の宣言を確認してください。
         コードを生成中...
     1>プロジェクト "C:\Users\Ogawa\Desktop\新しいフォルダー\2018OgawaRep\せーさくこうき\GameProgramming\GameProgramming.vcxproj" (Build ターゲット) のビルドが終了しました -- 失敗。

ビルドに失敗しました。

経過時間 00:00:03.91
